<?xml version="1.0" encoding="UTF-8"?>
<!-- Generated by org.testng.reporters.JUnitXMLReporter -->
<testsuite hostname="REACH-HARDs-MacBook-Pro.local" ignored="0" name="Test" tests="3" failures="0" timestamp="2022-02-02T09:52:07 WAT" time="72.513" errors="0">
  <testcase name="testEmpProfileDropdownMenu" time="8.046" classname="NewEmployer.EmpProfileDropdownMenu"/>
  <testcase name="testViewEmployerJobs" time="10.074" classname="NewEmployer.ViewEmployerJobs"/>
  <testcase name="testStudentsJobSearchByTitle" time="7.473" classname="students.StudentsJobSearchByTitle"/>
</testsuite> <!-- Test -->
